<!DOCTYPE html PUBLIC "-//W3C//DTD XHTML 1.1//EN" "https://www.w3.org/TR/xhtml11/DTD/xhtml11.dtd">
<html xmlns="https://www.w3.org/1999/xhtml">
<head>
<meta http-equiv="content-type" content="text/html; charset=UTF-8"/>
<title>TestNG Report</title>
<style type="text/css">table {margin-bottom:10px;border-collapse:collapse;empty-cells:show}th,td {border:1px solid #009;padding:.25em .5em}th {vertical-align:bottom}td {vertical-align:top}table a {font-weight:bold}.stripe td {background-color: #E6EBF9}.num {text-align:right}.passedodd td {background-color: #3F3}.passedeven td {background-color: #0A0}.skippedodd td {background-color: #DDD}.skippedeven td {background-color: #CCC}.failedodd td,.attn {background-color: #F33}.failedeven td,.stripe .attn {background-color: #D00}.stacktrace {white-space:pre;font-family:monospace}.totop {font-size:85%;text-align:center;border-bottom:2px solid #000}.invisible {display:none}</style>
</head>
<body>
<table>
<tr><th>Test</th><th># Passed</th><th># Skipped</th><th># Retried</th><th># Failed</th><th>Time (ms)</th><th>Included Groups</th><th>Excluded Groups</th></tr>
<tr><th colspan="8">Suite</th></tr>
<tr><td><a href="#t0">Test3</a></td><td class="num">2</td><td class="num">0</td><td class="num">0</td><td class="num attn">1</td><td class="num">29,085</td><td></td><td></td></tr>
<tr class="stripe"><td><a href="#t1">Test1</a></td><td class="num">3</td><td class="num">0</td><td class="num">0</td><td class="num">0</td><td class="num">32,165</td><td></td><td></td></tr>
<tr><td><a href="#t2">Test2</a></td><td class="num">2</td><td class="num">0</td><td class="num">0</td><td class="num attn">1</td><td class="num">33,398</td><td></td><td></td></tr>
<tr class="stripe"><td><a href="#t3">Test5</a></td><td class="num">3</td><td class="num">0</td><td class="num">0</td><td class="num">0</td><td class="num">34,272</td><td></td><td></td></tr>
<tr><td><a href="#t4">Test6</a></td><td class="num">2</td><td class="num">0</td><td class="num">0</td><td class="num attn">1</td><td class="num">38,066</td><td></td><td></td></tr>
<tr class="stripe"><td><a href="#t5">Test4</a></td><td class="num">3</td><td class="num">0</td><td class="num">0</td><td class="num">0</td><td class="num">49,485</td><td></td><td></td></tr>
<tr><th>Total</th><th class="num">15</th><th class="num">0</th><th class="num">0</th><th class="num attn">3</th><th class="num">216,471</th><th colspan="2"></th></tr>
</table>
<table id='summary'><thead><tr><th>Class</th><th>Method</th><th>Start</th><th>Time (ms)</th></tr></thead><tbody><tr><th colspan="4">Suite</th></tr></tbody><tbody id="t0"><tr><th colspan="4">Test3 &#8212; failed</th></tr><tr class="failedeven"><td rowspan="1">tests.AmazonLoginTest</td><td><a href="#m0">loginOperation</a></td><td rowspan="1">1605986947315</td><td rowspan="1">5308</td></tr><tr><th colspan="4">Test3 &#8212; passed</th></tr><tr class="passedeven"><td rowspan="2">tests.AmazonLoginTest</td><td><a href="#m1">closeSite</a></td><td rowspan="1">1605986952627</td><td rowspan="1">793</td></tr><tr class="passedeven"><td><a href="#m2">launchSite</a></td><td rowspan="1">1605986924384</td><td rowspan="1">22930</td></tr></tbody>
<tbody id="t1"><tr><th colspan="4">Test1 &#8212; passed</th></tr><tr class="passedeven"><td rowspan="3">tests.AmazonLoginTest</td><td><a href="#m3">closeSite</a></td><td rowspan="1">1605986955976</td><td rowspan="1">524</td></tr><tr class="passedeven"><td><a href="#m4">launchSite</a></td><td rowspan="1">1605986924384</td><td rowspan="1">26789</td></tr><tr class="passedeven"><td><a href="#m5">loginOperation</a></td><td rowspan="1">1605986951174</td><td rowspan="1">4801</td></tr></tbody>
<tbody id="t2"><tr><th colspan="4">Test2 &#8212; failed</th></tr><tr class="failedeven"><td rowspan="1">tests.AmazonLoginTest</td><td><a href="#m6">loginOperation</a></td><td rowspan="1">1605986952264</td><td rowspan="1">5353</td></tr><tr><th colspan="4">Test2 &#8212; passed</th></tr><tr class="passedeven"><td rowspan="2">tests.AmazonLoginTest</td><td><a href="#m7">closeSite</a></td><td rowspan="1">1605986957619</td><td rowspan="1">115</td></tr><tr class="passedeven"><td><a href="#m8">launchSite</a></td><td rowspan="1">1605986924384</td><td rowspan="1">27878</td></tr></tbody>
<tbody id="t3"><tr><th colspan="4">Test5 &#8212; passed</th></tr><tr class="passedeven"><td rowspan="3">tests.AmazonLoginTest</td><td><a href="#m9">closeSite</a></td><td rowspan="1">1605986958252</td><td rowspan="1">356</td></tr><tr class="passedeven"><td><a href="#m10">launchSite</a></td><td rowspan="1">1605986924384</td><td rowspan="1">17884</td></tr><tr class="passedeven"><td><a href="#m11">loginOperation</a></td><td rowspan="1">1605986942276</td><td rowspan="1">15975</td></tr></tbody>
<tbody id="t4"><tr><th colspan="4">Test6 &#8212; failed</th></tr><tr class="failedeven"><td rowspan="1">tests.AmazonLoginTest</td><td><a href="#m12">loginOperation</a></td><td rowspan="1">1605986948651</td><td rowspan="1">13675</td></tr><tr><th colspan="4">Test6 &#8212; passed</th></tr><tr class="passedeven"><td rowspan="2">tests.AmazonLoginTest</td><td><a href="#m13">closeSite</a></td><td rowspan="1">1605986962328</td><td rowspan="1">74</td></tr><tr class="passedeven"><td><a href="#m14">launchSite</a></td><td rowspan="1">1605986924384</td><td rowspan="1">24265</td></tr></tbody>
<tbody id="t5"><tr><th colspan="4">Test4 &#8212; passed</th></tr><tr class="passedeven"><td rowspan="3">tests.AmazonLoginTest</td><td><a href="#m15">closeSite</a></td><td rowspan="1">1605986973728</td><td rowspan="1">94</td></tr><tr class="passedeven"><td><a href="#m16">launchSite</a></td><td rowspan="1">1605986924384</td><td rowspan="1">37219</td></tr><tr class="passedeven"><td><a href="#m17">loginOperation</a></td><td rowspan="1">1605986961603</td><td rowspan="1">12125</td></tr></tbody>
</table>
<h2>Test3</h2><h3 id="m0">tests.AmazonLoginTest#loginOperation</h3><table class="result"><tr class="param"><th>Parameter #1</th><th>Parameter #2</th><th>Parameter #3</th><th>Parameter #4</th></tr><tr class="param stripe"><td>9030</td><td>invalid_mbno</td><td>pran_143</td><td>valid</td></tr><tr><th colspan="4">Messages</th></tr><tr><td colspan="4"><div class="messages">no such element: Unable to locate element: {"method":"xpath","selector":"//*[contains(text(),'We cannot find an account with that mobile number')]"}
  (Session info: chrome=87.0.4280.66)
For documentation on this error, please visit: https://www.seleniumhq.org/exceptions/no_such_element.html
Build info: version: '3.141.59', revision: 'e82be7d358', time: '2018-11-14T08:17:03'
System info: host: 'DESKTOP-D8HNM4S', ip: '192.168.1.7', os.name: 'Windows 10', os.arch: 'amd64', os.version: '10.0', java.version: '1.8.0_181'
Driver info: org.openqa.selenium.chrome.ChromeDriver
Capabilities {acceptInsecureCerts: false, browserName: chrome, browserVersion: 87.0.4280.66, chrome: {chromedriverVersion: 87.0.4280.20 (c99e81631faa0..., userDataDir: C:\Users\gattu\AppData\Loca...}, goog:chromeOptions: {debuggerAddress: localhost:51956}, javascriptEnabled: true, networkConnectionEnabled: false, pageLoadStrategy: normal, platform: WINDOWS, platformName: WINDOWS, proxy: Proxy(), setWindowRect: true, strictFileInteractability: false, timeouts: {implicit: 0, pageLoad: 300000, script: 30000}, unhandledPromptBehavior: dismiss and notify, webauthn:virtualAuthenticators: true}
Session ID: 29dd000b9e2cc891b7664bb99a4a4768
*** Element info: {Using=xpath, value=//*[contains(text(),'We cannot find an account with that mobile number')]}</div></td></tr><tr><th colspan="4">Exception</th></tr><tr><td colspan="4"><div class="stacktrace">java.lang.AssertionError: expected [true] but found [false]
	at tests.AmazonLoginTest.loginOperation(AmazonLoginTest.java:152)
	at java.util.ArrayList.forEach(ArrayList.java:1257)
	at java.util.concurrent.FutureTask.run(FutureTask.java:266)
	at java.util.concurrent.ThreadPoolExecutor.runWorker(ThreadPoolExecutor.java:1149)
	at java.util.concurrent.ThreadPoolExecutor$Worker.run(ThreadPoolExecutor.java:624)
	at java.lang.Thread.run(Thread.java:748)
... Removed 22 stack frames</div></td></tr></table><p class="totop"><a href="#summary">back to summary</a></p>
<h3 id="m1">tests.AmazonLoginTest#closeSite</h3><table class="result"><tr><th class="invisible"/></tr></table><p class="totop"><a href="#summary">back to summary</a></p>
<h3 id="m2">tests.AmazonLoginTest#launchSite</h3><table class="result"><tr><th class="invisible"/></tr></table><p class="totop"><a href="#summary">back to summary</a></p>
<h2>Test1</h2><h3 id="m3">tests.AmazonLoginTest#closeSite</h3><table class="result"><tr><th class="invisible"/></tr></table><p class="totop"><a href="#summary">back to summary</a></p>
<h3 id="m4">tests.AmazonLoginTest#launchSite</h3><table class="result"><tr><th class="invisible"/></tr></table><p class="totop"><a href="#summary">back to summary</a></p>
<h3 id="m5">tests.AmazonLoginTest#loginOperation</h3><table class="result"><tr class="param"><th>Parameter #1</th><th>Parameter #2</th><th>Parameter #3</th><th>Parameter #4</th></tr><tr class="param stripe"><td></td><td>blank</td><td>pran_143</td><td>valid</td></tr><tr><th colspan="4">Messages</th></tr><tr><td colspan="4"><div class="messages">Blank email/phone test passed</div></td></tr></table><p class="totop"><a href="#summary">back to summary</a></p>
<h2>Test2</h2><h3 id="m6">tests.AmazonLoginTest#loginOperation</h3><table class="result"><tr class="param"><th>Parameter #1</th><th>Parameter #2</th><th>Parameter #3</th><th>Parameter #4</th></tr><tr class="param stripe"><td>shw</td><td>invalid_emailid</td><td>pran_143</td><td>valid</td></tr><tr><th colspan="4">Messages</th></tr><tr><td colspan="4"><div class="messages">no such element: Unable to locate element: {"method":"xpath","selector":"//*[contains(text(),'We cannot find an account with that email address')]"}
  (Session info: chrome=87.0.4280.66)
For documentation on this error, please visit: https://www.seleniumhq.org/exceptions/no_such_element.html
Build info: version: '3.141.59', revision: 'e82be7d358', time: '2018-11-14T08:17:03'
System info: host: 'DESKTOP-D8HNM4S', ip: '192.168.1.7', os.name: 'Windows 10', os.arch: 'amd64', os.version: '10.0', java.version: '1.8.0_181'
Driver info: org.openqa.selenium.chrome.ChromeDriver
Capabilities {acceptInsecureCerts: false, browserName: chrome, browserVersion: 87.0.4280.66, chrome: {chromedriverVersion: 87.0.4280.20 (c99e81631faa0..., userDataDir: C:\Users\gattu\AppData\Loca...}, goog:chromeOptions: {debuggerAddress: localhost:51959}, javascriptEnabled: true, networkConnectionEnabled: false, pageLoadStrategy: normal, platform: WINDOWS, platformName: WINDOWS, proxy: Proxy(), setWindowRect: true, strictFileInteractability: false, timeouts: {implicit: 0, pageLoad: 300000, script: 30000}, unhandledPromptBehavior: dismiss and notify, webauthn:virtualAuthenticators: true}
Session ID: b33a39ef142c7cff32a6d5b431dc0d30
*** Element info: {Using=xpath, value=//*[contains(text(),'We cannot find an account with that email address')]}</div></td></tr><tr><th colspan="4">Exception</th></tr><tr><td colspan="4"><div class="stacktrace">java.lang.AssertionError: expected [true] but found [false]
	at tests.AmazonLoginTest.loginOperation(AmazonLoginTest.java:152)
	at java.util.ArrayList.forEach(ArrayList.java:1257)
	at java.util.concurrent.FutureTask.run(FutureTask.java:266)
	at java.util.concurrent.ThreadPoolExecutor.runWorker(ThreadPoolExecutor.java:1149)
	at java.util.concurrent.ThreadPoolExecutor$Worker.run(ThreadPoolExecutor.java:624)
	at java.lang.Thread.run(Thread.java:748)
... Removed 22 stack frames</div></td></tr></table><p class="totop"><a href="#summary">back to summary</a></p>
<h3 id="m7">tests.AmazonLoginTest#closeSite</h3><table class="result"><tr><th class="invisible"/></tr></table><p class="totop"><a href="#summary">back to summary</a></p>
<h3 id="m8">tests.AmazonLoginTest#launchSite</h3><table class="result"><tr><th class="invisible"/></tr></table><p class="totop"><a href="#summary">back to summary</a></p>
<h2>Test5</h2><h3 id="m9">tests.AmazonLoginTest#closeSite</h3><table class="result"><tr><th class="invisible"/></tr></table><p class="totop"><a href="#summary">back to summary</a></p>
<h3 id="m10">tests.AmazonLoginTest#launchSite</h3><table class="result"><tr><th class="invisible"/></tr></table><p class="totop"><a href="#summary">back to summary</a></p>
<h3 id="m11">tests.AmazonLoginTest#loginOperation</h3><table class="result"><tr class="param"><th>Parameter #1</th><th>Parameter #2</th><th>Parameter #3</th><th>Parameter #4</th></tr><tr class="param stripe"><td>9986007114</td><td>valid</td><td>shwetha</td><td>invalid</td></tr><tr><th colspan="4">Messages</th></tr><tr><td colspan="4"><div class="messages">Valid email/phone test passed<br/>Invalid Pwd test passed</div></td></tr></table><p class="totop"><a href="#summary">back to summary</a></p>
<h2>Test6</h2><h3 id="m12">tests.AmazonLoginTest#loginOperation</h3><table class="result"><tr class="param"><th>Parameter #1</th><th>Parameter #2</th><th>Parameter #3</th><th>Parameter #4</th></tr><tr class="param stripe"><td>9986007114</td><td>valid</td><td>pran_143</td><td>valid</td></tr><tr><th colspan="4">Messages</th></tr><tr><td colspan="4"><div class="messages">Valid pwd test failed<br/><img src="file:///E:\Automation\AutomationNested\com.tddtestng.gui.amazon\22-Nov-2020-12-59-14.png" alt=""/></div></td></tr><tr><th colspan="4">Exception</th></tr><tr><td colspan="4"><div class="stacktrace">java.lang.AssertionError: expected [true] but found [false]
	at tests.AmazonLoginTest.loginOperation(AmazonLoginTest.java:146)
	at java.util.ArrayList.forEach(ArrayList.java:1257)
	at java.util.concurrent.FutureTask.run(FutureTask.java:266)
	at java.util.concurrent.ThreadPoolExecutor.runWorker(ThreadPoolExecutor.java:1149)
	at java.util.concurrent.ThreadPoolExecutor$Worker.run(ThreadPoolExecutor.java:624)
	at java.lang.Thread.run(Thread.java:748)
... Removed 22 stack frames</div></td></tr></table><p class="totop"><a href="#summary">back to summary</a></p>
<h3 id="m13">tests.AmazonLoginTest#closeSite</h3><table class="result"><tr><th class="invisible"/></tr></table><p class="totop"><a href="#summary">back to summary</a></p>
<h3 id="m14">tests.AmazonLoginTest#launchSite</h3><table class="result"><tr><th class="invisible"/></tr></table><p class="totop"><a href="#summary">back to summary</a></p>
<h2>Test4</h2><h3 id="m15">tests.AmazonLoginTest#closeSite</h3><table class="result"><tr><th class="invisible"/></tr></table><p class="totop"><a href="#summary">back to summary</a></p>
<h3 id="m16">tests.AmazonLoginTest#launchSite</h3><table class="result"><tr><th class="invisible"/></tr></table><p class="totop"><a href="#summary">back to summary</a></p>
<h3 id="m17">tests.AmazonLoginTest#loginOperation</h3><table class="result"><tr class="param"><th>Parameter #1</th><th>Parameter #2</th><th>Parameter #3</th><th>Parameter #4</th></tr><tr class="param stripe"><td>9986007114</td><td>valid</td><td></td><td>blank</td></tr><tr><th colspan="4">Messages</th></tr><tr><td colspan="4"><div class="messages">Valid email/phone test passed<br/>Blank Pwd test passed</div></td></tr></table><p class="totop"><a href="#summary">back to summary</a></p>
</body>
</html>
