<?xml version="1.0" encoding="UTF-8"?>
<testng-results skipped="0" failed="3" ignored="0" total="18" passed="15">
  <reporter-output>
    <line>
      <![CDATA[Valid email/phone test passed]]>
    </line>
    <line>
      <![CDATA[no such element: Unable to locate element: {"method":"xpath","selector":"//*[contains(text(),'We cannot find an account with that mobile number')]"}
  (Session info: chrome=87.0.4280.66)
For documentation on this error, please visit: https://www.seleniumhq.org/exceptions/no_such_element.html
Build info: version: '3.141.59', revision: 'e82be7d358', time: '2018-11-14T08:17:03'
System info: host: 'DESKTOP-D8HNM4S', ip: '192.168.1.7', os.name: 'Windows 10', os.arch: 'amd64', os.version: '10.0', java.version: '1.8.0_181'
Driver info: org.openqa.selenium.chrome.ChromeDriver
Capabilities {acceptInsecureCerts: false, browserName: chrome, browserVersion: 87.0.4280.66, chrome: {chromedriverVersion: 87.0.4280.20 (c99e81631faa0..., userDataDir: C:\Users\gattu\AppData\Loca...}, goog:chromeOptions: {debuggerAddress: localhost:51956}, javascriptEnabled: true, networkConnectionEnabled: false, pageLoadStrategy: normal, platform: WINDOWS, platformName: WINDOWS, proxy: Proxy(), setWindowRect: true, strictFileInteractability: false, timeouts: {implicit: 0, pageLoad: 300000, script: 30000}, unhandledPromptBehavior: dismiss and notify, webauthn:virtualAuthenticators: true}
Session ID: 29dd000b9e2cc891b7664bb99a4a4768
*** Element info: {Using=xpath, value=//*[contains(text(),'We cannot find an account with that mobile number')]}]]>
    </line>
    <line>
      <![CDATA[Blank email/phone test passed]]>
    </line>
    <line>
      <![CDATA[no such element: Unable to locate element: {"method":"xpath","selector":"//*[contains(text(),'We cannot find an account with that email address')]"}
  (Session info: chrome=87.0.4280.66)
For documentation on this error, please visit: https://www.seleniumhq.org/exceptions/no_such_element.html
Build info: version: '3.141.59', revision: 'e82be7d358', time: '2018-11-14T08:17:03'
System info: host: 'DESKTOP-D8HNM4S', ip: '192.168.1.7', os.name: 'Windows 10', os.arch: 'amd64', os.version: '10.0', java.version: '1.8.0_181'
Driver info: org.openqa.selenium.chrome.ChromeDriver
Capabilities {acceptInsecureCerts: false, browserName: chrome, browserVersion: 87.0.4280.66, chrome: {chromedriverVersion: 87.0.4280.20 (c99e81631faa0..., userDataDir: C:\Users\gattu\AppData\Loca...}, goog:chromeOptions: {debuggerAddress: localhost:51959}, javascriptEnabled: true, networkConnectionEnabled: false, pageLoadStrategy: normal, platform: WINDOWS, platformName: WINDOWS, proxy: Proxy(), setWindowRect: true, strictFileInteractability: false, timeouts: {implicit: 0, pageLoad: 300000, script: 30000}, unhandledPromptBehavior: dismiss and notify, webauthn:virtualAuthenticators: true}
Session ID: b33a39ef142c7cff32a6d5b431dc0d30
*** Element info: {Using=xpath, value=//*[contains(text(),'We cannot find an account with that email address')]}]]>
    </line>
    <line>
      <![CDATA[Invalid Pwd test passed]]>
    </line>
    <line>
      <![CDATA[Valid pwd test failed]]>
    </line>
    <line>
      <![CDATA[<img src="file:///E:\Automation\AutomationNested\com.tddtestng.gui.amazon\22-Nov-2020-12-59-14.png" alt=""/>]]>
    </line>
    <line>
      <![CDATA[Valid email/phone test passed]]>
    </line>
    <line>
      <![CDATA[Blank Pwd test passed]]>
    </line>
  </reporter-output>
  <suite name="Suite" duration-ms="49485" started-at="2020-11-22T00:58:44 IST" finished-at="2020-11-22T00:59:33 IST">
    <groups>
    </groups>
    <test name="Test3" duration-ms="29085" started-at="2020-11-22T00:58:44 IST" finished-at="2020-11-22T00:59:13 IST">
      <class name="tests.AmazonLoginTest">
        <test-method status="PASS" signature="launchSite()[pri:1, instance:tests.AmazonLoginTest@7b69c6ba]" name="launchSite" duration-ms="22930" started-at="2020-11-22T00:58:44 IST" finished-at="2020-11-22T00:59:07 IST">
          <reporter-output>
          </reporter-output>
        </test-method> <!-- launchSite -->
        <test-method status="FAIL" signature="loginOperation(java.lang.String, java.lang.String, java.lang.String, java.lang.String)[pri:2, instance:tests.AmazonLoginTest@7b69c6ba]" name="loginOperation" duration-ms="5308" started-at="2020-11-22T00:59:07 IST" finished-at="2020-11-22T00:59:12 IST">
          <params>
            <param index="0">
              <value>
                <![CDATA[9030]]>
              </value>
            </param>
            <param index="1">
              <value>
                <![CDATA[invalid_mbno]]>
              </value>
            </param>
            <param index="2">
              <value>
                <![CDATA[pran_143]]>
              </value>
            </param>
            <param index="3">
              <value>
                <![CDATA[valid]]>
              </value>
            </param>
          </params>
          <exception class="java.lang.AssertionError">
            <message>
              <![CDATA[expected [true] but found [false]]]>
            </message>
            <full-stacktrace>
              <![CDATA[java.lang.AssertionError: expected [true] but found [false]
at org.testng.Assert.fail(Assert.java:99)
at org.testng.Assert.failNotEquals(Assert.java:1037)
at org.testng.Assert.assertTrue(Assert.java:45)
at org.testng.Assert.assertTrue(Assert.java:55)
at tests.AmazonLoginTest.loginOperation(AmazonLoginTest.java:152)
at sun.reflect.NativeMethodAccessorImpl.invoke0(Native Method)
at sun.reflect.NativeMethodAccessorImpl.invoke(NativeMethodAccessorImpl.java:62)
at sun.reflect.DelegatingMethodAccessorImpl.invoke(DelegatingMethodAccessorImpl.java:43)
at java.lang.reflect.Method.invoke(Method.java:498)
at org.testng.internal.MethodInvocationHelper.invokeMethod(MethodInvocationHelper.java:132)
at org.testng.internal.TestInvoker.invokeMethod(TestInvoker.java:599)
at org.testng.internal.TestInvoker.invokeTestMethod(TestInvoker.java:174)
at org.testng.internal.MethodRunner.runInSequence(MethodRunner.java:46)
at org.testng.internal.TestInvoker$MethodInvocationAgent.invoke(TestInvoker.java:822)
at org.testng.internal.TestInvoker.invokeTestMethods(TestInvoker.java:147)
at org.testng.internal.TestMethodWorker.invokeTestMethods(TestMethodWorker.java:146)
at org.testng.internal.TestMethodWorker.run(TestMethodWorker.java:128)
at java.util.ArrayList.forEach(ArrayList.java:1257)
at org.testng.TestRunner.privateRun(TestRunner.java:764)
at org.testng.TestRunner.run(TestRunner.java:585)
at org.testng.SuiteRunner.runTest(SuiteRunner.java:384)
at org.testng.SuiteRunner.access$000(SuiteRunner.java:28)
at org.testng.SuiteRunner$SuiteWorker.run(SuiteRunner.java:425)
at org.testng.internal.thread.ThreadUtil.lambda$execute$0(ThreadUtil.java:66)
at java.util.concurrent.FutureTask.run(FutureTask.java:266)
at java.util.concurrent.ThreadPoolExecutor.runWorker(ThreadPoolExecutor.java:1149)
at java.util.concurrent.ThreadPoolExecutor$Worker.run(ThreadPoolExecutor.java:624)
at java.lang.Thread.run(Thread.java:748)
]]>
            </full-stacktrace>
          </exception> <!-- java.lang.AssertionError -->
          <reporter-output>
            <line>
              <![CDATA[no such element: Unable to locate element: {"method":"xpath","selector":"//*[contains(text(),'We cannot find an account with that mobile number')]"}
  (Session info: chrome=87.0.4280.66)
For documentation on this error, please visit: https://www.seleniumhq.org/exceptions/no_such_element.html
Build info: version: '3.141.59', revision: 'e82be7d358', time: '2018-11-14T08:17:03'
System info: host: 'DESKTOP-D8HNM4S', ip: '192.168.1.7', os.name: 'Windows 10', os.arch: 'amd64', os.version: '10.0', java.version: '1.8.0_181'
Driver info: org.openqa.selenium.chrome.ChromeDriver
Capabilities {acceptInsecureCerts: false, browserName: chrome, browserVersion: 87.0.4280.66, chrome: {chromedriverVersion: 87.0.4280.20 (c99e81631faa0..., userDataDir: C:\Users\gattu\AppData\Loca...}, goog:chromeOptions: {debuggerAddress: localhost:51956}, javascriptEnabled: true, networkConnectionEnabled: false, pageLoadStrategy: normal, platform: WINDOWS, platformName: WINDOWS, proxy: Proxy(), setWindowRect: true, strictFileInteractability: false, timeouts: {implicit: 0, pageLoad: 300000, script: 30000}, unhandledPromptBehavior: dismiss and notify, webauthn:virtualAuthenticators: true}
Session ID: 29dd000b9e2cc891b7664bb99a4a4768
*** Element info: {Using=xpath, value=//*[contains(text(),'We cannot find an account with that mobile number')]}]]>
            </line>
          </reporter-output>
        </test-method> <!-- loginOperation -->
        <test-method status="PASS" signature="closeSite()[pri:3, instance:tests.AmazonLoginTest@7b69c6ba]" name="closeSite" duration-ms="793" started-at="2020-11-22T00:59:12 IST" finished-at="2020-11-22T00:59:13 IST">
          <reporter-output>
          </reporter-output>
        </test-method> <!-- closeSite -->
      </class> <!-- tests.AmazonLoginTest -->
    </test> <!-- Test3 -->
    <test name="Test1" duration-ms="32165" started-at="2020-11-22T00:58:44 IST" finished-at="2020-11-22T00:59:16 IST">
      <class name="tests.AmazonLoginTest">
        <test-method status="PASS" signature="launchSite()[pri:1, instance:tests.AmazonLoginTest@2173f6d9]" name="launchSite" duration-ms="26789" started-at="2020-11-22T00:58:44 IST" finished-at="2020-11-22T00:59:11 IST">
          <reporter-output>
          </reporter-output>
        </test-method> <!-- launchSite -->
        <test-method status="PASS" signature="loginOperation(java.lang.String, java.lang.String, java.lang.String, java.lang.String)[pri:2, instance:tests.AmazonLoginTest@2173f6d9]" name="loginOperation" duration-ms="4801" started-at="2020-11-22T00:59:11 IST" finished-at="2020-11-22T00:59:15 IST">
          <params>
            <param index="0">
              <value>
                <![CDATA[]]>
              </value>
            </param>
            <param index="1">
              <value>
                <![CDATA[blank]]>
              </value>
            </param>
            <param index="2">
              <value>
                <![CDATA[pran_143]]>
              </value>
            </param>
            <param index="3">
              <value>
                <![CDATA[valid]]>
              </value>
            </param>
          </params>
          <reporter-output>
            <line>
              <![CDATA[Blank email/phone test passed]]>
            </line>
          </reporter-output>
        </test-method> <!-- loginOperation -->
        <test-method status="PASS" signature="closeSite()[pri:3, instance:tests.AmazonLoginTest@2173f6d9]" name="closeSite" duration-ms="524" started-at="2020-11-22T00:59:15 IST" finished-at="2020-11-22T00:59:16 IST">
          <reporter-output>
          </reporter-output>
        </test-method> <!-- closeSite -->
      </class> <!-- tests.AmazonLoginTest -->
    </test> <!-- Test1 -->
    <test name="Test2" duration-ms="33398" started-at="2020-11-22T00:58:44 IST" finished-at="2020-11-22T00:59:17 IST">
      <class name="tests.AmazonLoginTest">
        <test-method status="PASS" signature="launchSite()[pri:1, instance:tests.AmazonLoginTest@25af5db5]" name="launchSite" duration-ms="27878" started-at="2020-11-22T00:58:44 IST" finished-at="2020-11-22T00:59:12 IST">
          <reporter-output>
          </reporter-output>
        </test-method> <!-- launchSite -->
        <test-method status="FAIL" signature="loginOperation(java.lang.String, java.lang.String, java.lang.String, java.lang.String)[pri:2, instance:tests.AmazonLoginTest@25af5db5]" name="loginOperation" duration-ms="5353" started-at="2020-11-22T00:59:12 IST" finished-at="2020-11-22T00:59:17 IST">
          <params>
            <param index="0">
              <value>
                <![CDATA[shw]]>
              </value>
            </param>
            <param index="1">
              <value>
                <![CDATA[invalid_emailid]]>
              </value>
            </param>
            <param index="2">
              <value>
                <![CDATA[pran_143]]>
              </value>
            </param>
            <param index="3">
              <value>
                <![CDATA[valid]]>
              </value>
            </param>
          </params>
          <exception class="java.lang.AssertionError">
            <message>
              <![CDATA[expected [true] but found [false]]]>
            </message>
            <full-stacktrace>
              <![CDATA[java.lang.AssertionError: expected [true] but found [false]
at org.testng.Assert.fail(Assert.java:99)
at org.testng.Assert.failNotEquals(Assert.java:1037)
at org.testng.Assert.assertTrue(Assert.java:45)
at org.testng.Assert.assertTrue(Assert.java:55)
at tests.AmazonLoginTest.loginOperation(AmazonLoginTest.java:152)
at sun.reflect.NativeMethodAccessorImpl.invoke0(Native Method)
at sun.reflect.NativeMethodAccessorImpl.invoke(NativeMethodAccessorImpl.java:62)
at sun.reflect.DelegatingMethodAccessorImpl.invoke(DelegatingMethodAccessorImpl.java:43)
at java.lang.reflect.Method.invoke(Method.java:498)
at org.testng.internal.MethodInvocationHelper.invokeMethod(MethodInvocationHelper.java:132)
at org.testng.internal.TestInvoker.invokeMethod(TestInvoker.java:599)
at org.testng.internal.TestInvoker.invokeTestMethod(TestInvoker.java:174)
at org.testng.internal.MethodRunner.runInSequence(MethodRunner.java:46)
at org.testng.internal.TestInvoker$MethodInvocationAgent.invoke(TestInvoker.java:822)
at org.testng.internal.TestInvoker.invokeTestMethods(TestInvoker.java:147)
at org.testng.internal.TestMethodWorker.invokeTestMethods(TestMethodWorker.java:146)
at org.testng.internal.TestMethodWorker.run(TestMethodWorker.java:128)
at java.util.ArrayList.forEach(ArrayList.java:1257)
at org.testng.TestRunner.privateRun(TestRunner.java:764)
at org.testng.TestRunner.run(TestRunner.java:585)
at org.testng.SuiteRunner.runTest(SuiteRunner.java:384)
at org.testng.SuiteRunner.access$000(SuiteRunner.java:28)
at org.testng.SuiteRunner$SuiteWorker.run(SuiteRunner.java:425)
at org.testng.internal.thread.ThreadUtil.lambda$execute$0(ThreadUtil.java:66)
at java.util.concurrent.FutureTask.run(FutureTask.java:266)
at java.util.concurrent.ThreadPoolExecutor.runWorker(ThreadPoolExecutor.java:1149)
at java.util.concurrent.ThreadPoolExecutor$Worker.run(ThreadPoolExecutor.java:624)
at java.lang.Thread.run(Thread.java:748)
]]>
            </full-stacktrace>
          </exception> <!-- java.lang.AssertionError -->
          <reporter-output>
            <line>
              <![CDATA[no such element: Unable to locate element: {"method":"xpath","selector":"//*[contains(text(),'We cannot find an account with that email address')]"}
  (Session info: chrome=87.0.4280.66)
For documentation on this error, please visit: https://www.seleniumhq.org/exceptions/no_such_element.html
Build info: version: '3.141.59', revision: 'e82be7d358', time: '2018-11-14T08:17:03'
System info: host: 'DESKTOP-D8HNM4S', ip: '192.168.1.7', os.name: 'Windows 10', os.arch: 'amd64', os.version: '10.0', java.version: '1.8.0_181'
Driver info: org.openqa.selenium.chrome.ChromeDriver
Capabilities {acceptInsecureCerts: false, browserName: chrome, browserVersion: 87.0.4280.66, chrome: {chromedriverVersion: 87.0.4280.20 (c99e81631faa0..., userDataDir: C:\Users\gattu\AppData\Loca...}, goog:chromeOptions: {debuggerAddress: localhost:51959}, javascriptEnabled: true, networkConnectionEnabled: false, pageLoadStrategy: normal, platform: WINDOWS, platformName: WINDOWS, proxy: Proxy(), setWindowRect: true, strictFileInteractability: false, timeouts: {implicit: 0, pageLoad: 300000, script: 30000}, unhandledPromptBehavior: dismiss and notify, webauthn:virtualAuthenticators: true}
Session ID: b33a39ef142c7cff32a6d5b431dc0d30
*** Element info: {Using=xpath, value=//*[contains(text(),'We cannot find an account with that email address')]}]]>
            </line>
          </reporter-output>
        </test-method> <!-- loginOperation -->
        <test-method status="PASS" signature="closeSite()[pri:3, instance:tests.AmazonLoginTest@25af5db5]" name="closeSite" duration-ms="115" started-at="2020-11-22T00:59:17 IST" finished-at="2020-11-22T00:59:17 IST">
          <reporter-output>
          </reporter-output>
        </test-method> <!-- closeSite -->
      </class> <!-- tests.AmazonLoginTest -->
    </test> <!-- Test2 -->
    <test name="Test5" duration-ms="34272" started-at="2020-11-22T00:58:44 IST" finished-at="2020-11-22T00:59:18 IST">
      <class name="tests.AmazonLoginTest">
        <test-method status="PASS" signature="launchSite()[pri:1, instance:tests.AmazonLoginTest@63440df3]" name="launchSite" duration-ms="17884" started-at="2020-11-22T00:58:44 IST" finished-at="2020-11-22T00:59:02 IST">
          <reporter-output>
          </reporter-output>
        </test-method> <!-- launchSite -->
        <test-method status="PASS" signature="loginOperation(java.lang.String, java.lang.String, java.lang.String, java.lang.String)[pri:2, instance:tests.AmazonLoginTest@63440df3]" name="loginOperation" duration-ms="15975" started-at="2020-11-22T00:59:02 IST" finished-at="2020-11-22T00:59:18 IST">
          <params>
            <param index="0">
              <value>
                <![CDATA[9986007114]]>
              </value>
            </param>
            <param index="1">
              <value>
                <![CDATA[valid]]>
              </value>
            </param>
            <param index="2">
              <value>
                <![CDATA[shwetha]]>
              </value>
            </param>
            <param index="3">
              <value>
                <![CDATA[invalid]]>
              </value>
            </param>
          </params>
          <reporter-output>
            <line>
              <![CDATA[Valid email/phone test passed]]>
            </line>
            <line>
              <![CDATA[Invalid Pwd test passed]]>
            </line>
          </reporter-output>
        </test-method> <!-- loginOperation -->
        <test-method status="PASS" signature="closeSite()[pri:3, instance:tests.AmazonLoginTest@63440df3]" name="closeSite" duration-ms="356" started-at="2020-11-22T00:59:18 IST" finished-at="2020-11-22T00:59:18 IST">
          <reporter-output>
          </reporter-output>
        </test-method> <!-- closeSite -->
      </class> <!-- tests.AmazonLoginTest -->
    </test> <!-- Test5 -->
    <test name="Test6" duration-ms="38066" started-at="2020-11-22T00:58:44 IST" finished-at="2020-11-22T00:59:22 IST">
      <class name="tests.AmazonLoginTest">
        <test-method status="PASS" signature="launchSite()[pri:1, instance:tests.AmazonLoginTest@4eb7f003]" name="launchSite" duration-ms="24265" started-at="2020-11-22T00:58:44 IST" finished-at="2020-11-22T00:59:08 IST">
          <reporter-output>
          </reporter-output>
        </test-method> <!-- launchSite -->
        <test-method status="FAIL" signature="loginOperation(java.lang.String, java.lang.String, java.lang.String, java.lang.String)[pri:2, instance:tests.AmazonLoginTest@4eb7f003]" name="loginOperation" duration-ms="13675" started-at="2020-11-22T00:59:08 IST" finished-at="2020-11-22T00:59:22 IST">
          <params>
            <param index="0">
              <value>
                <![CDATA[9986007114]]>
              </value>
            </param>
            <param index="1">
              <value>
                <![CDATA[valid]]>
              </value>
            </param>
            <param index="2">
              <value>
                <![CDATA[pran_143]]>
              </value>
            </param>
            <param index="3">
              <value>
                <![CDATA[valid]]>
              </value>
            </param>
          </params>
          <exception class="java.lang.AssertionError">
            <message>
              <![CDATA[expected [true] but found [false]]]>
            </message>
            <full-stacktrace>
              <![CDATA[java.lang.AssertionError: expected [true] but found [false]
at org.testng.Assert.fail(Assert.java:99)
at org.testng.Assert.failNotEquals(Assert.java:1037)
at org.testng.Assert.assertTrue(Assert.java:45)
at org.testng.Assert.assertTrue(Assert.java:55)
at tests.AmazonLoginTest.loginOperation(AmazonLoginTest.java:146)
at sun.reflect.NativeMethodAccessorImpl.invoke0(Native Method)
at sun.reflect.NativeMethodAccessorImpl.invoke(NativeMethodAccessorImpl.java:62)
at sun.reflect.DelegatingMethodAccessorImpl.invoke(DelegatingMethodAccessorImpl.java:43)
at java.lang.reflect.Method.invoke(Method.java:498)
at org.testng.internal.MethodInvocationHelper.invokeMethod(MethodInvocationHelper.java:132)
at org.testng.internal.TestInvoker.invokeMethod(TestInvoker.java:599)
at org.testng.internal.TestInvoker.invokeTestMethod(TestInvoker.java:174)
at org.testng.internal.MethodRunner.runInSequence(MethodRunner.java:46)
at org.testng.internal.TestInvoker$MethodInvocationAgent.invoke(TestInvoker.java:822)
at org.testng.internal.TestInvoker.invokeTestMethods(TestInvoker.java:147)
at org.testng.internal.TestMethodWorker.invokeTestMethods(TestMethodWorker.java:146)
at org.testng.internal.TestMethodWorker.run(TestMethodWorker.java:128)
at java.util.ArrayList.forEach(ArrayList.java:1257)
at org.testng.TestRunner.privateRun(TestRunner.java:764)
at org.testng.TestRunner.run(TestRunner.java:585)
at org.testng.SuiteRunner.runTest(SuiteRunner.java:384)
at org.testng.SuiteRunner.access$000(SuiteRunner.java:28)
at org.testng.SuiteRunner$SuiteWorker.run(SuiteRunner.java:425)
at org.testng.internal.thread.ThreadUtil.lambda$execute$0(ThreadUtil.java:66)
at java.util.concurrent.FutureTask.run(FutureTask.java:266)
at java.util.concurrent.ThreadPoolExecutor.runWorker(ThreadPoolExecutor.java:1149)
at java.util.concurrent.ThreadPoolExecutor$Worker.run(ThreadPoolExecutor.java:624)
at java.lang.Thread.run(Thread.java:748)
]]>
            </full-stacktrace>
          </exception> <!-- java.lang.AssertionError -->
          <reporter-output>
            <line>
              <![CDATA[Valid pwd test failed]]>
            </line>
            <line>
              <![CDATA[<img src="file:///E:\Automation\AutomationNested\com.tddtestng.gui.amazon\22-Nov-2020-12-59-14.png" alt=""/>]]>
            </line>
          </reporter-output>
        </test-method> <!-- loginOperation -->
        <test-method status="PASS" signature="closeSite()[pri:3, instance:tests.AmazonLoginTest@4eb7f003]" name="closeSite" duration-ms="74" started-at="2020-11-22T00:59:22 IST" finished-at="2020-11-22T00:59:22 IST">
          <reporter-output>
          </reporter-output>
        </test-method> <!-- closeSite -->
      </class> <!-- tests.AmazonLoginTest -->
    </test> <!-- Test6 -->
    <test name="Test4" duration-ms="49485" started-at="2020-11-22T00:58:44 IST" finished-at="2020-11-22T00:59:33 IST">
      <class name="tests.AmazonLoginTest">
        <test-method status="PASS" signature="launchSite()[pri:1, instance:tests.AmazonLoginTest@50d0686]" name="launchSite" duration-ms="37219" started-at="2020-11-22T00:58:44 IST" finished-at="2020-11-22T00:59:21 IST">
          <reporter-output>
          </reporter-output>
        </test-method> <!-- launchSite -->
        <test-method status="PASS" signature="loginOperation(java.lang.String, java.lang.String, java.lang.String, java.lang.String)[pri:2, instance:tests.AmazonLoginTest@50d0686]" name="loginOperation" duration-ms="12125" started-at="2020-11-22T00:59:21 IST" finished-at="2020-11-22T00:59:33 IST">
          <params>
            <param index="0">
              <value>
                <![CDATA[9986007114]]>
              </value>
            </param>
            <param index="1">
              <value>
                <![CDATA[valid]]>
              </value>
            </param>
            <param index="2">
              <value>
                <![CDATA[]]>
              </value>
            </param>
            <param index="3">
              <value>
                <![CDATA[blank]]>
              </value>
            </param>
          </params>
          <reporter-output>
            <line>
              <![CDATA[Valid email/phone test passed]]>
            </line>
            <line>
              <![CDATA[Blank Pwd test passed]]>
            </line>
          </reporter-output>
        </test-method> <!-- loginOperation -->
        <test-method status="PASS" signature="closeSite()[pri:3, instance:tests.AmazonLoginTest@50d0686]" name="closeSite" duration-ms="94" started-at="2020-11-22T00:59:33 IST" finished-at="2020-11-22T00:59:33 IST">
          <reporter-output>
          </reporter-output>
        </test-method> <!-- closeSite -->
      </class> <!-- tests.AmazonLoginTest -->
    </test> <!-- Test4 -->
  </suite> <!-- Suite -->
</testng-results>
